negativo
[(6, 3), (7, 2), (7, 3)]
[(5, 4), (6, 4), (7, 2), (7, 3)]
[(4, 4), (4, 5), (5, 5), (6, 4), (6, 5)]
[(4, 5), (5, 5)]
[(5, 5)]
[(6, 4), (6, 5), (6, 6)]
[(6, 5), (7, 3)]
[(6, 6), (7, 6)]
[(6, 7), (7, 6), (7, 7)]
[(5, 8), (6, 8), (7, 6), (7, 7)]
[(4, 8), (4, 9), (5, 9), (6, 8), (6, 9)]
[(4, 9), (5, 9)]
[(5, 9)]
[(6, 8), (6, 9), (6, 10)]
[(6, 9), (7, 7)]
[(6, 10), (7, 10)]
[(6, 11), (7, 10), (7, 11)]
[(5, 12), (6, 12), (7, 10), (7, 11)]
[(4, 12), (4, 13), (5, 13), (6, 12), (6, 13)]
[(4, 13), (5, 13)]
[(5, 13)]
[(6, 12), (6, 13), (6, 14)]
[(6, 13), (7, 11)]
[(6, 14), (7, 14)]
[(6, 15), (7, 14), (7, 15)]
[(5, 16), (6, 16), (7, 14), (7, 15)]
[(4, 16), (4, 17), (5, 17), (6, 16), (6, 17)]
[(4, 17), (5, 17)]
[(5, 17)]
[(6, 16), (6, 17)]
[(6, 17), (7, 15)]
[]
[(7, 14), (8, 14), (8, 15)]
[(8, 14), (8, 15)]
[(8, 15)]
[]
[(7, 10), (8, 10), (8, 11)]
[(8, 10), (8, 11)]
[(8, 11)]
[]
[(7, 6), (8, 6), (8, 7)]
[(8, 6), (8, 7)]
[(8, 7)]
[]
[(7, 2), (8, 2), (8, 3)]
[(8, 2), (8, 3)]
[(8, 3)]
[]
negativo
[(18, 2), (18, 3), (19, 3), (20, 2), (20, 3)]
[(18, 3), (19, 3)]
[(17, 4), (18, 4), (19, 3)]
[(16, 4), (16, 5), (17, 5), (18, 4), (18, 5)]
[(16, 5), (17, 5)]
[(17, 5)]
[(18, 4), (18, 5), (18, 6)]
[(18, 5), (19, 3)]
[(18, 6), (19, 6)]
[(18, 7), (19, 6), (19, 7)]
[(17, 8), (18, 8), (19, 6), (19, 7)]
[(16, 8), (16, 9), (17, 9), (18, 8), (18, 9)]
[(16, 9), (17, 9)]
[(17, 9)]
[(18, 8), (18, 9), (18, 10)]
[(18, 9), (19, 7)]
[(18, 10), (19, 10)]
[(18, 11), (19, 10), (19, 11)]
[(17, 12), (18, 12), (19, 10), (19, 11)]
[(16, 12), (16, 13), (17, 13), (18, 12), (18, 13)]
[(16, 13), (17, 13)]
[(17, 13)]
[(18, 12), (18, 13), (18, 14)]
[(18, 13), (19, 11)]
[(18, 14), (19, 14)]
[(18, 15), (19, 14), (19, 15)]
[(17, 16), (18, 16), (19, 14), (19, 15)]
[(16, 16), (16, 17), (17, 17), (18, 16), (18, 17)]
[(16, 17), (17, 17)]
[(17, 17)]
[(18, 16), (18, 17)]
[(18, 17), (19, 15)]
[]
[(19, 14), (20, 14), (20, 15)]
[(20, 14), (20, 15)]
[(20, 15)]
[]
[(19, 10), (20, 10), (20, 11)]
[(20, 10), (20, 11)]
[(20, 11)]
[]
[(19, 6), (20, 6), (20, 7)]
[(20, 6), (20, 7)]
[(20, 7)]
[]
[(20, 2), (20, 3)]
[(20, 3)]
[]
